<?xml version="1.0" encoding="UTF-8"?>
<testng-results ignored="0" total="1" passed="1" failed="0" skipped="0">
  <reporter-output>
  </reporter-output>
  <suite started-at="2022-04-10T11:51:11 GMT-05:00" name="Default suite" finished-at="2022-04-10T11:51:29 GMT-05:00" duration-ms="17937">
    <groups>
    </groups>
    <test started-at="2022-04-10T11:51:11 GMT-05:00" name="Default test" finished-at="2022-04-10T11:51:29 GMT-05:00" duration-ms="17937">
      <class name="com.DesignPattern.SingletonPattern_WebPageTest">
        <test-method is-config="true" signature="setUp()[pri:0, instance:com.DesignPattern.SingletonPattern_WebPageTest@20ccf40b]" started-at="2022-04-10T11:51:11 GMT-05:00" name="setUp" finished-at="2022-04-10T11:51:22 GMT-05:00" duration-ms="10460" status="PASS">
          <reporter-output>
          </reporter-output>
        </test-method> <!-- setUp -->
        <test-method signature="testMethod1()[pri:0, instance:com.DesignPattern.SingletonPattern_WebPageTest@20ccf40b]" started-at="2022-04-10T11:51:22 GMT-05:00" name="testMethod1" finished-at="2022-04-10T11:51:26 GMT-05:00" duration-ms="4935" status="PASS">
          <reporter-output>
          </reporter-output>
        </test-method> <!-- testMethod1 -->
        <test-method is-config="true" signature="tearDown()[pri:0, instance:com.DesignPattern.SingletonPattern_WebPageTest@20ccf40b]" started-at="2022-04-10T11:51:26 GMT-05:00" name="tearDown" finished-at="2022-04-10T11:51:29 GMT-05:00" duration-ms="2469" status="PASS">
          <reporter-output>
          </reporter-output>
        </test-method> <!-- tearDown -->
      </class> <!-- com.DesignPattern.SingletonPattern_WebPageTest -->
    </test> <!-- Default test -->
  </suite> <!-- Default suite -->
</testng-results>
